<?xml version="1.0" encoding="UTF-8"?>
<robot generator="Robot 7.1.1 (Python 3.11.9 on win32)" generated="2025-04-07T15:35:19.710725" rpa="false" schemaversion="5">
<suite id="s1" name="Test" source="c:\Dev\robotframework\test.robot">
<kw name="Initialize Test Suite" owner="keywords" type="SETUP">
<kw name="Log To Console" owner="BuiltIn">
<arg>Initialzing Test Suite</arg>
<doc>Logs the given message to the console.</doc>
<status status="PASS" start="2025-04-07T15:35:20.164559" elapsed="0.000000"/>
</kw>
<kw name="Log To Console" owner="BuiltIn">
<arg>Opening Browser</arg>
<doc>Logs the given message to the console.</doc>
<status status="PASS" start="2025-04-07T15:35:20.171428" elapsed="0.000899"/>
</kw>
<kw name="Open Browser" owner="SeleniumLibrary">
<msg time="2025-04-07T15:35:20.174643" level="INFO">Opening browser 'Chrome' to base url 'https://qa.erp.parmple.com/'.</msg>
<arg>${URL}</arg>
<arg>Chrome</arg>
<doc>Opens a new browser instance to the optional ``url``.</doc>
<status status="PASS" start="2025-04-07T15:35:20.173547" elapsed="2.429076"/>
</kw>
<kw name="Maximize Browser Window" owner="SeleniumLibrary">
<doc>Maximizes current browser window.</doc>
<status status="PASS" start="2025-04-07T15:35:22.602623" elapsed="0.046486"/>
</kw>
<status status="PASS" start="2025-04-07T15:35:20.164559" elapsed="2.485546"/>
</kw>
<test id="s1-t1" name="---- Testcase (로그인)" line="170">
<kw name="Wait Until Element Is Visible" owner="SeleniumLibrary">
<arg>//img[@src='https://qa.erp.parmple.com/assets/img/branding/logo_pp.png']</arg>
<arg>10</arg>
<doc>Waits until the element ``locator`` is visible.</doc>
<status status="PASS" start="2025-04-07T15:35:22.651907" elapsed="0.034623"/>
</kw>
<kw name="Input Text" owner="SeleniumLibrary">
<msg time="2025-04-07T15:35:22.690786" level="INFO">Typing text 'chera@twosun.com' into text field 'id=login-email'.</msg>
<arg>id=login-email</arg>
<arg>${USER_2_ID}</arg>
<doc>Types the given ``text`` into the text field identified by ``locator``.</doc>
<status status="PASS" start="2025-04-07T15:35:22.688640" elapsed="0.078344"/>
</kw>
<kw name="Input Text" owner="SeleniumLibrary">
<msg time="2025-04-07T15:35:22.769937" level="INFO">Typing text 'asdf1234@' into text field 'id=login-password'.</msg>
<arg>id=login-password</arg>
<arg>${USER_2_PW}</arg>
<doc>Types the given ``text`` into the text field identified by ``locator``.</doc>
<status status="PASS" start="2025-04-07T15:35:22.768473" elapsed="0.073779"/>
</kw>
<kw name="Sleep" owner="BuiltIn">
<msg time="2025-04-07T15:35:23.345029" level="INFO">Slept 500 milliseconds.</msg>
<arg>0.5</arg>
<doc>Pauses the test executed for the given time.</doc>
<status status="PASS" start="2025-04-07T15:35:22.843258" elapsed="0.501771"/>
</kw>
<kw name="Click Button" owner="SeleniumLibrary">
<msg time="2025-04-07T15:35:23.345029" level="INFO">Clicking button 'class=btn'.</msg>
<arg>class=btn</arg>
<doc>Clicks the button identified by ``locator``.</doc>
<status status="PASS" start="2025-04-07T15:35:23.345029" elapsed="0.316859"/>
</kw>
<kw name="Wait Until Element Is Visible" owner="SeleniumLibrary">
<arg>//img[@src='https://qa.erp.parmple.com/assets/img/branding/logo_pp.png']</arg>
<arg>10</arg>
<doc>Waits until the element ``locator`` is visible.</doc>
<status status="PASS" start="2025-04-07T15:35:23.661888" elapsed="0.865985"/>
</kw>
<kw name="MainMenu Mouse Over" owner="keywords">
<kw name="Mouse Over" owner="SeleniumLibrary">
<msg time="2025-04-07T15:35:24.532639" level="INFO">Simulating Mouse Over on element 'class=menu-link'.</msg>
<arg>class=menu-link</arg>
<doc>Simulates hovering the mouse over the element ``locator``.</doc>
<status status="PASS" start="2025-04-07T15:35:24.527873" elapsed="0.278535"/>
</kw>
<kw name="Sleep" owner="BuiltIn">
<msg time="2025-04-07T15:35:25.308846" level="INFO">Slept 500 milliseconds.</msg>
<arg>0.5</arg>
<doc>Pauses the test executed for the given time.</doc>
<status status="PASS" start="2025-04-07T15:35:24.807408" elapsed="0.501438"/>
</kw>
<status status="PASS" start="2025-04-07T15:35:24.527873" elapsed="0.780973"/>
</kw>
<kw name="Click Element" owner="SeleniumLibrary">
<msg time="2025-04-07T15:35:25.313273" level="INFO">Clicking element 'xpath=//div[@class='gnb_title' and text()='CSO 제품 정보']'.</msg>
<arg>xpath=//div[@class='gnb_title' and text()='CSO 제품 정보']</arg>
<doc>Click the element identified by ``locator``.</doc>
<status status="PASS" start="2025-04-07T15:35:25.313273" elapsed="0.304879"/>
</kw>
<kw name="Wait Until Element Is Visible" owner="SeleniumLibrary">
<arg>class=b-grid-row</arg>
<arg>5</arg>
<doc>Waits until the element ``locator`` is visible.</doc>
<status status="PASS" start="2025-04-07T15:35:25.619261" elapsed="0.234382"/>
</kw>
<kw name="Sleep" owner="BuiltIn">
<msg time="2025-04-07T15:35:26.856524" level="INFO">Slept 1 second.</msg>
<arg>1</arg>
<doc>Pauses the test executed for the given time.</doc>
<status status="PASS" start="2025-04-07T15:35:25.854871" elapsed="1.003658"/>
</kw>
<status status="PASS" start="2025-04-07T15:35:22.650804" elapsed="4.207725"/>
</test>
<test id="s1-t2" name="---- Testcase" line="185">
<kw name="Evaluate" owner="BuiltIn">
<msg time="2025-04-07T15:35:26.872186" level="INFO">${SetTime5} = 25.04.07 15:35</msg>
<var>${SetTime5}</var>
<arg>__import__('datetime').datetime.now().strftime('%y.%m.%d %H:%M')</arg>
<doc>Evaluates the given expression in Python and returns the result.</doc>
<status status="PASS" start="2025-04-07T15:35:26.862199" elapsed="0.011996"/>
</kw>
<kw name="Evaluate" owner="BuiltIn">
<msg time="2025-04-07T15:35:26.881223" level="INFO">${random_number} = 24780037</msg>
<var>${random_number}</var>
<arg>str(__import__('random').randint(10000000, 99999999))</arg>
<doc>Evaluates the given expression in Python and returns the result.</doc>
<status status="PASS" start="2025-04-07T15:35:26.876893" elapsed="0.005412"/>
</kw>
<kw name="Set Variable" owner="BuiltIn">
<msg time="2025-04-07T15:35:26.886617" level="INFO">${phone_number} = 01024780037</msg>
<var>${phone_number}</var>
<arg>010${random_number}</arg>
<doc>Returns the given values which can then be assigned to a variables.</doc>
<status status="PASS" start="2025-04-07T15:35:26.884411" elapsed="0.003214"/>
</kw>
<kw name="Click Element" owner="SeleniumLibrary">
<msg time="2025-04-07T15:35:26.893448" level="INFO">Clicking element 'xpath=//*[@id="navbar-collapse"]/ul/li/a/div/div'.</msg>
<arg>xpath=//*[@id="navbar-collapse"]/ul/li/a/div/div</arg>
<doc>Click the element identified by ``locator``.</doc>
<status status="PASS" start="2025-04-07T15:35:26.890723" elapsed="0.070057"/>
</kw>
<kw name="Screenshot" owner="keywords">
<kw name="Evaluate" owner="BuiltIn">
<msg time="2025-04-07T15:35:26.965088" level="INFO">${SetTime} = 2025.04.07_15.35.26</msg>
<var>${SetTime}</var>
<arg>__import__('datetime').datetime.now().strftime('%Y.%m.%d_%H.%M.%S')</arg>
<doc>Evaluates the given expression in Python and returns the result.</doc>
<status status="PASS" start="2025-04-07T15:35:26.964092" elapsed="0.000996"/>
</kw>
<kw name="Sleep" owner="BuiltIn">
<msg time="2025-04-07T15:35:27.466941" level="INFO">Slept 500 milliseconds.</msg>
<arg>0.5</arg>
<doc>Pauses the test executed for the given time.</doc>
<status status="PASS" start="2025-04-07T15:35:26.965088" elapsed="0.501853"/>
</kw>
<kw name="Capture Page Screenshot" owner="SeleniumLibrary">
<msg time="2025-04-07T15:35:27.626830" level="INFO" html="true">&lt;/td&gt;&lt;/tr&gt;&lt;tr&gt;&lt;td colspan="3"&gt;&lt;a href="../screenshots/screenshot_2025.04.07_15.35.26.png"&gt;&lt;img src="../screenshots/screenshot_2025.04.07_15.35.26.png" width="800px"&gt;&lt;/a&gt;</msg>
<arg>${SCREENSHOT_DIR}/screenshot_${SetTime}.png</arg>
<doc>Takes a screenshot of the current page and embeds it into a log file.</doc>
<status status="PASS" start="2025-04-07T15:35:27.466941" elapsed="0.161963"/>
</kw>
<kw name="Sleep" owner="BuiltIn">
<msg time="2025-04-07T15:35:28.133006" level="INFO">Slept 500 milliseconds.</msg>
<arg>0.5</arg>
<doc>Pauses the test executed for the given time.</doc>
<status status="PASS" start="2025-04-07T15:35:27.629948" elapsed="0.503058"/>
</kw>
<status status="PASS" start="2025-04-07T15:35:26.963095" elapsed="1.169911"/>
</kw>
<kw name="Click Element" owner="SeleniumLibrary">
<msg time="2025-04-07T15:35:28.136994" level="INFO">Clicking element 'class=dropdown-menu'.</msg>
<arg>class=dropdown-menu</arg>
<doc>Click the element identified by ``locator``.</doc>
<status status="PASS" start="2025-04-07T15:35:28.136493" elapsed="0.218543"/>
</kw>
<kw name="Screenshot" owner="keywords">
<kw name="Evaluate" owner="BuiltIn">
<msg time="2025-04-07T15:35:28.362208" level="INFO">${SetTime} = 2025.04.07_15.35.28</msg>
<var>${SetTime}</var>
<arg>__import__('datetime').datetime.now().strftime('%Y.%m.%d_%H.%M.%S')</arg>
<doc>Evaluates the given expression in Python and returns the result.</doc>
<status status="PASS" start="2025-04-07T15:35:28.359462" elapsed="0.003541"/>
</kw>
<kw name="Sleep" owner="BuiltIn">
<msg time="2025-04-07T15:35:28.865313" level="INFO">Slept 500 milliseconds.</msg>
<arg>0.5</arg>
<doc>Pauses the test executed for the given time.</doc>
<status status="PASS" start="2025-04-07T15:35:28.363003" elapsed="0.503310"/>
</kw>
<kw name="Capture Page Screenshot" owner="SeleniumLibrary">
<msg time="2025-04-07T15:35:28.992642" level="INFO" html="true">&lt;/td&gt;&lt;/tr&gt;&lt;tr&gt;&lt;td colspan="3"&gt;&lt;a href="../screenshots/screenshot_2025.04.07_15.35.28.png"&gt;&lt;img src="../screenshots/screenshot_2025.04.07_15.35.28.png" width="800px"&gt;&lt;/a&gt;</msg>
<arg>${SCREENSHOT_DIR}/screenshot_${SetTime}.png</arg>
<doc>Takes a screenshot of the current page and embeds it into a log file.</doc>
<status status="PASS" start="2025-04-07T15:35:28.868306" elapsed="0.125243"/>
</kw>
<kw name="Sleep" owner="BuiltIn">
<msg time="2025-04-07T15:35:29.496149" level="INFO">Slept 500 milliseconds.</msg>
<arg>0.5</arg>
<doc>Pauses the test executed for the given time.</doc>
<status status="PASS" start="2025-04-07T15:35:28.994557" elapsed="0.503597"/>
</kw>
<status status="PASS" start="2025-04-07T15:35:28.357466" elapsed="1.142694"/>
</kw>
<kw name="Click Element" owner="SeleniumLibrary">
<msg time="2025-04-07T15:35:29.503716" level="INFO">Clicking element '//*[@id="updateProfileInformation"]/div/div[1]/button'.</msg>
<arg>//*[@id="updateProfileInformation"]/div/div[1]/button\</arg>
<doc>Click the element identified by ``locator``.</doc>
<status status="PASS" start="2025-04-07T15:35:29.503716" elapsed="0.070721"/>
</kw>
<kw name="Screenshot" owner="keywords">
<kw name="Evaluate" owner="BuiltIn">
<msg time="2025-04-07T15:35:29.581548" level="INFO">${SetTime} = 2025.04.07_15.35.29</msg>
<var>${SetTime}</var>
<arg>__import__('datetime').datetime.now().strftime('%Y.%m.%d_%H.%M.%S')</arg>
<doc>Evaluates the given expression in Python and returns the result.</doc>
<status status="PASS" start="2025-04-07T15:35:29.578352" elapsed="0.003196"/>
</kw>
<kw name="Sleep" owner="BuiltIn">
<msg time="2025-04-07T15:35:30.085345" level="INFO">Slept 500 milliseconds.</msg>
<arg>0.5</arg>
<doc>Pauses the test executed for the given time.</doc>
<status status="PASS" start="2025-04-07T15:35:29.583975" elapsed="0.501370"/>
</kw>
<kw name="Capture Page Screenshot" owner="SeleniumLibrary">
<msg time="2025-04-07T15:35:30.216039" level="INFO" html="true">&lt;/td&gt;&lt;/tr&gt;&lt;tr&gt;&lt;td colspan="3"&gt;&lt;a href="../screenshots/screenshot_2025.04.07_15.35.29.png"&gt;&lt;img src="../screenshots/screenshot_2025.04.07_15.35.29.png" width="800px"&gt;&lt;/a&gt;</msg>
<arg>${SCREENSHOT_DIR}/screenshot_${SetTime}.png</arg>
<doc>Takes a screenshot of the current page and embeds it into a log file.</doc>
<status status="PASS" start="2025-04-07T15:35:30.085345" elapsed="0.131690"/>
</kw>
<kw name="Sleep" owner="BuiltIn">
<msg time="2025-04-07T15:35:30.718522" level="INFO">Slept 500 milliseconds.</msg>
<arg>0.5</arg>
<doc>Pauses the test executed for the given time.</doc>
<status status="PASS" start="2025-04-07T15:35:30.218032" elapsed="0.500490"/>
</kw>
<status status="PASS" start="2025-04-07T15:35:29.574437" elapsed="1.144085"/>
</kw>
<kw name="Input Password" owner="SeleniumLibrary">
<msg time="2025-04-07T15:35:30.718522" level="INFO">Typing password into text field 'id=current_password'.</msg>
<msg time="2025-04-07T15:35:30.766087" level="INFO">Temporally setting log level to: NONE</msg>
<arg>id=current_password</arg>
<arg>asdf1234@</arg>
<doc>Types the given password into the text field identified by ``locator``.</doc>
<status status="PASS" start="2025-04-07T15:35:30.718522" elapsed="0.112647"/>
</kw>
<kw name="Input Password" owner="SeleniumLibrary">
<msg time="2025-04-07T15:35:30.831169" level="INFO">Typing password into text field 'id=password'.</msg>
<msg time="2025-04-07T15:35:30.864636" level="INFO">Temporally setting log level to: NONE</msg>
<arg>id=password</arg>
<arg>asdf1234@</arg>
<doc>Types the given password into the text field identified by ``locator``.</doc>
<status status="PASS" start="2025-04-07T15:35:30.831169" elapsed="0.088263"/>
</kw>
<kw name="Input Password" owner="SeleniumLibrary">
<msg time="2025-04-07T15:35:30.919432" level="INFO">Typing password into text field 'id=password_confirmation'.</msg>
<msg time="2025-04-07T15:35:30.981202" level="INFO">Temporally setting log level to: NONE</msg>
<arg>id=password_confirmation</arg>
<arg>asdf1234@</arg>
<doc>Types the given password into the text field identified by ``locator``.</doc>
<status status="PASS" start="2025-04-07T15:35:30.919432" elapsed="0.132501"/>
</kw>
<kw name="Screenshot" owner="keywords">
<kw name="Evaluate" owner="BuiltIn">
<msg time="2025-04-07T15:35:31.055969" level="INFO">${SetTime} = 2025.04.07_15.35.31</msg>
<var>${SetTime}</var>
<arg>__import__('datetime').datetime.now().strftime('%Y.%m.%d_%H.%M.%S')</arg>
<doc>Evaluates the given expression in Python and returns the result.</doc>
<status status="PASS" start="2025-04-07T15:35:31.053967" elapsed="0.002002"/>
</kw>
<kw name="Sleep" owner="BuiltIn">
<msg time="2025-04-07T15:35:31.555980" level="INFO">Slept 500 milliseconds.</msg>
<arg>0.5</arg>
<doc>Pauses the test executed for the given time.</doc>
<status status="PASS" start="2025-04-07T15:35:31.055969" elapsed="0.500011"/>
</kw>
<kw name="Capture Page Screenshot" owner="SeleniumLibrary">
<msg time="2025-04-07T15:35:31.690601" level="INFO" html="true">&lt;/td&gt;&lt;/tr&gt;&lt;tr&gt;&lt;td colspan="3"&gt;&lt;a href="../screenshots/screenshot_2025.04.07_15.35.31.png"&gt;&lt;img src="../screenshots/screenshot_2025.04.07_15.35.31.png" width="800px"&gt;&lt;/a&gt;</msg>
<arg>${SCREENSHOT_DIR}/screenshot_${SetTime}.png</arg>
<doc>Takes a screenshot of the current page and embeds it into a log file.</doc>
<status status="PASS" start="2025-04-07T15:35:31.559994" elapsed="0.131997"/>
</kw>
<kw name="Sleep" owner="BuiltIn">
<msg time="2025-04-07T15:35:32.194554" level="INFO">Slept 500 milliseconds.</msg>
<arg>0.5</arg>
<doc>Pauses the test executed for the given time.</doc>
<status status="PASS" start="2025-04-07T15:35:31.693108" elapsed="0.501446"/>
</kw>
<status status="PASS" start="2025-04-07T15:35:31.053967" elapsed="1.140587"/>
</kw>
<kw name="Click Element" owner="SeleniumLibrary">
<msg time="2025-04-07T15:35:32.194554" level="INFO">Clicking element 'xpath=//*[@id="updatePassword"]/div[3]/button[2]'.</msg>
<arg>xpath=//*[@id="updatePassword"]/div[3]/button[2]</arg>
<doc>Click the element identified by ``locator``.</doc>
<status status="PASS" start="2025-04-07T15:35:32.194554" elapsed="0.081438"/>
</kw>
<kw name="Wait Until Element Is Visible" owner="SeleniumLibrary">
<arg>class=swal2-popup</arg>
<arg>5</arg>
<doc>Waits until the element ``locator`` is visible.</doc>
<status status="PASS" start="2025-04-07T15:35:32.277055" elapsed="0.234558"/>
</kw>
<kw name="Screenshot" owner="keywords">
<kw name="Evaluate" owner="BuiltIn">
<msg time="2025-04-07T15:35:32.520744" level="INFO">${SetTime} = 2025.04.07_15.35.32</msg>
<var>${SetTime}</var>
<arg>__import__('datetime').datetime.now().strftime('%Y.%m.%d_%H.%M.%S')</arg>
<doc>Evaluates the given expression in Python and returns the result.</doc>
<status status="PASS" start="2025-04-07T15:35:32.518741" elapsed="0.002003"/>
</kw>
<kw name="Sleep" owner="BuiltIn">
<msg time="2025-04-07T15:35:33.020993" level="INFO">Slept 500 milliseconds.</msg>
<arg>0.5</arg>
<doc>Pauses the test executed for the given time.</doc>
<status status="PASS" start="2025-04-07T15:35:32.520744" elapsed="0.500249"/>
</kw>
<kw name="Capture Page Screenshot" owner="SeleniumLibrary">
<msg time="2025-04-07T15:35:33.158997" level="INFO" html="true">&lt;/td&gt;&lt;/tr&gt;&lt;tr&gt;&lt;td colspan="3"&gt;&lt;a href="../screenshots/screenshot_2025.04.07_15.35.32.png"&gt;&lt;img src="../screenshots/screenshot_2025.04.07_15.35.32.png" width="800px"&gt;&lt;/a&gt;</msg>
<arg>${SCREENSHOT_DIR}/screenshot_${SetTime}.png</arg>
<doc>Takes a screenshot of the current page and embeds it into a log file.</doc>
<status status="PASS" start="2025-04-07T15:35:33.020993" elapsed="0.139474"/>
</kw>
<kw name="Sleep" owner="BuiltIn">
<msg time="2025-04-07T15:35:33.663321" level="INFO">Slept 500 milliseconds.</msg>
<arg>0.5</arg>
<doc>Pauses the test executed for the given time.</doc>
<status status="PASS" start="2025-04-07T15:35:33.160467" elapsed="0.503357"/>
</kw>
<status status="PASS" start="2025-04-07T15:35:32.511613" elapsed="1.153211"/>
</kw>
<kw name="Click Button" owner="SeleniumLibrary">
<msg time="2025-04-07T15:35:33.669807" level="INFO">Clicking button 'class=swal2-confirm'.</msg>
<arg>class=swal2-confirm</arg>
<doc>Clicks the button identified by ``locator``.</doc>
<status status="PASS" start="2025-04-07T15:35:33.667814" elapsed="0.244655"/>
</kw>
<kw name="Sleep" owner="BuiltIn">
<msg time="2025-04-07T15:35:34.417333" level="INFO">Slept 500 milliseconds.</msg>
<arg>0.5</arg>
<doc>Pauses the test executed for the given time.</doc>
<status status="PASS" start="2025-04-07T15:35:33.914915" elapsed="0.502418"/>
</kw>
<kw name="Input Text" owner="SeleniumLibrary">
<msg time="2025-04-07T15:35:34.417333" level="INFO">Typing text 'chera@twosun.com' into text field 'id=login-email'.</msg>
<arg>id=login-email</arg>
<arg>${USER_2_ID}</arg>
<doc>Types the given ``text`` into the text field identified by ``locator``.</doc>
<status status="PASS" start="2025-04-07T15:35:34.417333" elapsed="0.062918"/>
</kw>
<kw name="Input Text" owner="SeleniumLibrary">
<msg time="2025-04-07T15:35:34.493645" level="INFO">Typing text 'asdf1234@' into text field 'id=login-password'.</msg>
<arg>id=login-password</arg>
<arg>${USER_2_PW}</arg>
<doc>Types the given ``text`` into the text field identified by ``locator``.</doc>
<status status="PASS" start="2025-04-07T15:35:34.480251" elapsed="0.065469"/>
</kw>
<kw name="Sleep" owner="BuiltIn">
<msg time="2025-04-07T15:35:35.046274" level="INFO">Slept 500 milliseconds.</msg>
<arg>0.5</arg>
<doc>Pauses the test executed for the given time.</doc>
<status status="PASS" start="2025-04-07T15:35:34.545720" elapsed="0.501168"/>
</kw>
<kw name="Click Button" owner="SeleniumLibrary">
<msg time="2025-04-07T15:35:35.052628" level="INFO">Clicking button 'class=btn'.</msg>
<arg>class=btn</arg>
<doc>Clicks the button identified by ``locator``.</doc>
<status status="PASS" start="2025-04-07T15:35:35.050621" elapsed="0.110655"/>
</kw>
<kw name="Sleep" owner="BuiltIn">
<msg time="2025-04-07T15:35:36.161888" level="INFO">Slept 1 second.</msg>
<arg>1</arg>
<doc>Pauses the test executed for the given time.</doc>
<status status="PASS" start="2025-04-07T15:35:35.161276" elapsed="1.000612"/>
</kw>
<kw name="Click Element" owner="SeleniumLibrary">
<msg time="2025-04-07T15:35:36.161888" level="INFO">Clicking element 'xpath=//*[@id="navbar-collapse"]/ul/li/a/div/div'.</msg>
<arg>xpath=//*[@id="navbar-collapse"]/ul/li/a/div/div</arg>
<doc>Click the element identified by ``locator``.</doc>
<status status="PASS" start="2025-04-07T15:35:36.161888" elapsed="0.071425"/>
</kw>
<kw name="Sleep" owner="BuiltIn">
<msg time="2025-04-07T15:35:36.736843" level="INFO">Slept 500 milliseconds.</msg>
<arg>0.5</arg>
<doc>Pauses the test executed for the given time.</doc>
<status status="PASS" start="2025-04-07T15:35:36.235310" elapsed="0.501533"/>
</kw>
<kw name="Click Element" owner="SeleniumLibrary">
<msg time="2025-04-07T15:35:36.744400" level="INFO">Clicking element 'xpath=//*[@id="navbar-collapse"]/ul/li/ul/li[5]/a/span'.</msg>
<arg>xpath=//*[@id="navbar-collapse"]/ul/li/ul/li[5]/a/span</arg>
<doc>Click the element identified by ``locator``.</doc>
<status status="PASS" start="2025-04-07T15:35:36.736843" elapsed="0.163758"/>
</kw>
<kw name="Screenshot" owner="keywords">
<kw name="Evaluate" owner="BuiltIn">
<msg time="2025-04-07T15:35:36.904703" level="INFO">${SetTime} = 2025.04.07_15.35.36</msg>
<var>${SetTime}</var>
<arg>__import__('datetime').datetime.now().strftime('%Y.%m.%d_%H.%M.%S')</arg>
<doc>Evaluates the given expression in Python and returns the result.</doc>
<status status="PASS" start="2025-04-07T15:35:36.903668" elapsed="0.002505"/>
</kw>
<kw name="Sleep" owner="BuiltIn">
<msg time="2025-04-07T15:35:37.408019" level="INFO">Slept 500 milliseconds.</msg>
<arg>0.5</arg>
<doc>Pauses the test executed for the given time.</doc>
<status status="PASS" start="2025-04-07T15:35:36.906173" elapsed="0.501846"/>
</kw>
<kw name="Capture Page Screenshot" owner="SeleniumLibrary">
<msg time="2025-04-07T15:35:37.519658" level="INFO" html="true">&lt;/td&gt;&lt;/tr&gt;&lt;tr&gt;&lt;td colspan="3"&gt;&lt;a href="../screenshots/screenshot_2025.04.07_15.35.36.png"&gt;&lt;img src="../screenshots/screenshot_2025.04.07_15.35.36.png" width="800px"&gt;&lt;/a&gt;</msg>
<arg>${SCREENSHOT_DIR}/screenshot_${SetTime}.png</arg>
<doc>Takes a screenshot of the current page and embeds it into a log file.</doc>
<status status="PASS" start="2025-04-07T15:35:37.410635" elapsed="0.109023"/>
</kw>
<kw name="Sleep" owner="BuiltIn">
<msg time="2025-04-07T15:35:38.020310" level="INFO">Slept 500 milliseconds.</msg>
<arg>0.5</arg>
<doc>Pauses the test executed for the given time.</doc>
<status status="PASS" start="2025-04-07T15:35:37.519658" elapsed="0.500652"/>
</kw>
<status status="PASS" start="2025-04-07T15:35:36.901934" elapsed="1.118376"/>
</kw>
<kw name="Log To Console" owner="BuiltIn">
<arg>-Succese-</arg>
<doc>Logs the given message to the console.</doc>
<status status="PASS" start="2025-04-07T15:35:38.020310" elapsed="0.007812"/>
</kw>
<kw name="Sleep" owner="BuiltIn">
<msg time="2025-04-07T15:35:43.028807" level="INFO">Slept 5 seconds.</msg>
<arg>5</arg>
<doc>Pauses the test executed for the given time.</doc>
<status status="PASS" start="2025-04-07T15:35:38.028122" elapsed="5.000685"/>
</kw>
<status status="PASS" start="2025-04-07T15:35:26.862199" elapsed="16.166608"/>
</test>
<kw name="Finalize Test Suite" owner="keywords" type="TEARDOWN">
<kw name="Log To Console" owner="BuiltIn">
<arg>Closing Browser</arg>
<doc>Logs the given message to the console.</doc>
<status status="PASS" start="2025-04-07T15:35:43.040240" elapsed="0.001088"/>
</kw>
<kw name="Close Browser" owner="SeleniumLibrary">
<doc>Closes the current browser.</doc>
<status status="PASS" start="2025-04-07T15:35:43.042221" elapsed="2.151536"/>
</kw>
<status status="PASS" start="2025-04-07T15:35:43.038060" elapsed="2.156457"/>
</kw>
<status status="PASS" start="2025-04-07T15:35:19.727339" elapsed="25.467178"/>
</suite>
<statistics>
<total>
<stat pass="2" fail="0" skip="0">All Tests</stat>
</total>
<tag>
</tag>
<suite>
<stat pass="2" fail="0" skip="0" id="s1" name="Test">Test</stat>
</suite>
</statistics>
<errors>
</errors>
</robot>
